16:08:49 =============================2020-12-13==============================
16:08:49 SERVER Server initialising...
16:08:49 SERVER Listening on ('LAPTOP-IERGHOR1', 8092)
16:08:55 COMMAND SERVER "/help"
16:09:17 JOIN Jet ('192.168.1.25', 56836)
16:09:24 COMMAND Jet "/help"
16:09:30 MESSAGE Jet "Hello, is anybody there?"
16:09:38 MESSAGE Jet "Let me check with the "/who" command!"
16:09:39 COMMAND Jet "/who"
16:09:48 MESSAGE Jet "Nope, it's just me..."
16:10:02 MESSAGE SERVER "/all I don't see anyone other than you"
16:10:18 JOIN Fadil ('192.168.1.25', 56837)
16:10:21 MESSAGE Fadil "Hi!"
16:10:31 MESSAGE Jet "Hiya!"
16:10:59 COMMAND Jet "/pm Fadil welcome to the server friend <3"
16:11:29 MESSAGE Fadil "it's a creep! Server please help me!"
16:11:39 MESSAGE SERVER "/all Just change your username LOL"
16:11:46 COMMAND Fadil "/rename Yon"
16:11:52 MESSAGE Yon "aaand it worked! Thanks a lot"
16:11:58 COMMAND Yon "/leave"
16:11:58 LEAVE Yon ('192.168.1.25', 56837)
16:12:02 cLEAVE Jet ('192.168.1.25', 56836)
16:12:08 COMMAND SERVER "/who"
16:12:11 COMMAND SERVER "/stop"
